{"/home/aj/Documents/tokenchainapi/nodejs-api-template/controllers/errors.js":{"path":"/home/aj/Documents/tokenchainapi/nodejs-api-template/controllers/errors.js","s":{"1":1,"2":1,"3":1,"4":0,"5":1,"6":1,"7":1,"8":6,"9":6,"10":2,"11":4,"12":6,"13":6},"b":{"1":[1,0],"2":[2,4]},"f":{},"fnMap":{},"statementMap":{"1":{"start":{"line":4,"column":0},"end":{"line":11,"column":2}},"2":{"start":{"line":5,"column":2},"end":{"line":10,"column":3}},"3":{"start":{"line":6,"column":6},"end":{"line":6,"column":60}},"4":{"start":{"line":9,"column":6},"end":{"line":9,"column":65}},"5":{"start":{"line":14,"column":0},"end":{"line":16,"column":2}},"6":{"start":{"line":15,"column":2},"end":{"line":15,"column":49}},"7":{"start":{"line":19,"column":0},"end":{"line":33,"column":2}},"8":{"start":{"line":20,"column":2},"end":{"line":20,"column":10}},"9":{"start":{"line":24,"column":2},"end":{"line":29,"column":3}},"10":{"start":{"line":25,"column":4},"end":{"line":25,"column":22}},"11":{"start":{"line":28,"column":4},"end":{"line":28,"column":29}},"12":{"start":{"line":31,"column":2},"end":{"line":31,"column":22}},"13":{"start":{"line":32,"column":2},"end":{"line":32,"column":13}}},"branchMap":{"1":{"line":5,"type":"if","locations":[{"start":{"line":5,"column":2},"end":{"line":5,"column":2}},{"start":{"line":5,"column":2},"end":{"line":5,"column":2}}]},"2":{"line":24,"type":"if","locations":[{"start":{"line":24,"column":2},"end":{"line":24,"column":2}},{"start":{"line":24,"column":2},"end":{"line":24,"column":2}}]}}},"/home/aj/Documents/tokenchainapi/nodejs-api-template/server.js":{"path":"/home/aj/Documents/tokenchainapi/nodejs-api-template/server.js","s":{"1":1,"2":1,"3":1,"4":1,"5":1,"6":1,"7":1,"8":1,"9":1,"10":1,"11":1,"12":1,"13":0,"14":1,"15":1,"16":1,"17":1,"18":1,"19":1},"b":{"1":[0,1]},"f":{},"fnMap":{},"statementMap":{"1":{"start":{"line":4,"column":0},"end":{"line":4,"column":33}},"2":{"start":{"line":5,"column":0},"end":{"line":5,"column":20}},"3":{"start":{"line":6,"column":0},"end":{"line":6,"column":33}},"4":{"start":{"line":9,"column":0},"end":{"line":9,"column":40}},"5":{"start":{"line":10,"column":0},"end":{"line":10,"column":31}},"6":{"start":{"line":11,"column":0},"end":{"line":11,"column":23}},"7":{"start":{"line":12,"column":0},"end":{"line":12,"column":55}},"8":{"start":{"line":13,"column":0},"end":{"line":13,"column":38}},"9":{"start":{"line":16,"column":0},"end":{"line":16,"column":31}},"10":{"start":{"line":19,"column":0},"end":{"line":19,"column":49}},"11":{"start":{"line":20,"column":0},"end":{"line":20,"column":27}},"12":{"start":{"line":23,"column":0},"end":{"line":25,"column":1}},"13":{"start":{"line":24,"column":2},"end":{"line":24,"column":29}},"14":{"start":{"line":26,"column":0},"end":{"line":31,"column":3}},"15":{"start":{"line":32,"column":0},"end":{"line":32,"column":55}},"16":{"start":{"line":35,"column":0},"end":{"line":35,"column":21}},"17":{"start":{"line":38,"column":0},"end":{"line":38,"column":27}},"18":{"start":{"line":39,"column":0},"end":{"line":39,"column":53}},"19":{"start":{"line":42,"column":0},"end":{"line":42,"column":21}}},"branchMap":{"1":{"line":23,"type":"if","locations":[{"start":{"line":23,"column":0},"end":{"line":23,"column":0}},{"start":{"line":23,"column":0},"end":{"line":23,"column":0}}]}}},"/home/aj/Documents/tokenchainapi/nodejs-api-template/routes.js":{"path":"/home/aj/Documents/tokenchainapi/nodejs-api-template/routes.js","s":{"1":1,"2":1,"3":1,"4":1,"5":1,"6":1,"7":1,"8":1,"9":1,"10":1},"b":{},"f":{},"fnMap":{},"statementMap":{"1":{"start":{"line":3,"column":0},"end":{"line":3,"column":41}},"2":{"start":{"line":6,"column":0},"end":{"line":6,"column":53}},"3":{"start":{"line":7,"column":0},"end":{"line":7,"column":46}},"4":{"start":{"line":10,"column":0},"end":{"line":10,"column":43}},"5":{"start":{"line":11,"column":0},"end":{"line":11,"column":36}},"6":{"start":{"line":12,"column":0},"end":{"line":12,"column":45}},"7":{"start":{"line":15,"column":0},"end":{"line":15,"column":45}},"8":{"start":{"line":16,"column":0},"end":{"line":16,"column":32}},"9":{"start":{"line":19,"column":0},"end":{"line":19,"column":29}},"10":{"start":{"line":22,"column":0},"end":{"line":22,"column":24}}},"branchMap":{}},"/home/aj/Documents/tokenchainapi/nodejs-api-template/controllers/middleware.js":{"path":"/home/aj/Documents/tokenchainapi/nodejs-api-template/controllers/middleware.js","s":{"1":1,"2":3},"b":{},"f":{},"fnMap":{},"statementMap":{"1":{"start":{"line":3,"column":0},"end":{"line":6,"column":2}},"2":{"start":{"line":5,"column":4},"end":{"line":5,"column":11}}},"branchMap":{}},"/home/aj/Documents/tokenchainapi/nodejs-api-template/controllers/tasks.js":{"path":"/home/aj/Documents/tokenchainapi/nodejs-api-template/controllers/tasks.js","s":{"1":1,"2":1,"3":1,"4":1,"5":1,"6":1},"b":{},"f":{},"fnMap":{},"statementMap":{"1":{"start":{"line":3,"column":0},"end":{"line":3,"column":36}},"2":{"start":{"line":5,"column":0},"end":{"line":14,"column":2}},"3":{"start":{"line":7,"column":2},"end":{"line":11,"column":4}},"4":{"start":{"line":13,"column":2},"end":{"line":13,"column":18}},"5":{"start":{"line":16,"column":0},"end":{"line":19,"column":2}},"6":{"start":{"line":18,"column":2},"end":{"line":18,"column":48}}},"branchMap":{}}}