TN:
SF:/home/aj/Documents/tokenchainapi/nodejs-api-template/controllers/errors.js
FNF:0
FNH:0
DA:4,1
DA:5,1
DA:6,1
DA:9,0
DA:14,1
DA:15,1
DA:19,1
DA:20,6
DA:24,6
DA:25,2
DA:28,4
DA:31,6
DA:32,6
LF:13
LH:12
BRDA:5,1,0,1
BRDA:5,1,1,0
BRDA:24,2,0,2
BRDA:24,2,1,4
BRF:4
BRH:3
end_of_record
TN:
SF:/home/aj/Documents/tokenchainapi/nodejs-api-template/server.js
FNF:0
FNH:0
DA:4,1
DA:5,1
DA:6,1
DA:9,1
DA:10,1
DA:11,1
DA:12,1
DA:13,1
DA:16,1
DA:19,1
DA:20,1
DA:23,1
DA:24,0
DA:26,1
DA:32,1
DA:35,1
DA:38,1
DA:39,1
DA:42,1
LF:19
LH:18
BRDA:23,1,0,0
BRDA:23,1,1,1
BRF:2
BRH:1
end_of_record
TN:
SF:/home/aj/Documents/tokenchainapi/nodejs-api-template/routes.js
FNF:0
FNH:0
DA:3,1
DA:6,1
DA:7,1
DA:10,1
DA:11,1
DA:12,1
DA:15,1
DA:16,1
DA:19,1
DA:22,1
LF:10
LH:10
BRF:0
BRH:0
end_of_record
TN:
SF:/home/aj/Documents/tokenchainapi/nodejs-api-template/controllers/middleware.js
FNF:0
FNH:0
DA:3,1
DA:5,3
LF:2
LH:2
BRF:0
BRH:0
end_of_record
TN:
SF:/home/aj/Documents/tokenchainapi/nodejs-api-template/controllers/tasks.js
FNF:0
FNH:0
DA:3,1
DA:5,1
DA:7,1
DA:13,1
DA:16,1
DA:18,1
LF:6
LH:6
BRF:0
BRH:0
end_of_record
